Arguments: 
  C:\Program Files\nodejs\node.exe C:\Users\sayee\AppData\Roaming\npm\node_modules\yarn\bin\yarn.js add gsap

PATH: 
  C:\ffmpeg\bin;C:\Program Files (x86)\VMware\VMware Player\bin\;C:\Windows\system32;C:\Windows;C:\Windows\System32\Wbem;C:\Windows\System32\WindowsPowerShell\v1.0\;C:\Windows\System32\OpenSSH\;C:\Program Files (x86)\NVIDIA Corporation\PhysX\Common;C:\Program Files\NVIDIA Corporation\NVIDIA NvDLISR;C:\Users\sayee\AppData\Local\Microsoft\WindowsApps;C:\Users\sayee\AppData\Local\Programs\Python\Python311\;C:\Users\sayee\AppData\Local\Programs\Python\Python311\Scripts\;C:\Program Files\Git\cmd;%NVM_HOME%;%NVM_SYMLINK%;C:\Users\sayee\AppData\Local\Programs\Python\Python311\Scripts\;C:\Users\sayee\AppData\Local\Programs\Python\Python311\;C:\Users\sayee\AppData\Local\Microsoft\WindowsApps;C:\Users\sayee\AppData\Local\Programs\Microsoft VS Code\bin;C:\Users\sayee\AppData\Roaming\npm;C:\Users\sayee\AppData\Roaming\nvm;C:\Program Files\nodejs;C:\Users\sayee\AppData\Local\Microsoft\WinGet\Packages\Gyan.FFmpeg_Microsoft.Winget.Source_8wekyb3d8bbwe\ffmpeg-6.1-full_build\bin;C:\Users\sayee\AppData\Local\Microsoft\WinGet\Packages\yt-dlp.yt-dlp_Microsoft.Winget.Source_8wekyb3d8bbwe;

Yarn version: 
  1.22.19

Node version: 
  18.17.0

Platform: 
  win32 x64

Trace: 
  Error: EPERM: operation not permitted, unlink 'C:\Users\sayee\Documents\Projects\three-starter\node_modules\@rollup\rollup-win32-x64-msvc\rollup.win32-x64-msvc.node'

npm manifest: 
  {
    "name": "three-starter",
    "version": "1.0.0",
    "description": "",
    "main": "main.js",
    "scripts": {
      "dev": "vite",
      "build": "vite build"
    },
    "keywords": [],
    "author": "",
    "license": "ISC",
    "dependencies": {
      "three": "^0.163.0",
      "vite": "^5.2.9"
    }
  }

yarn manifest: 
  No manifest

Lockfile: 
  No lockfile
